<?xml version="1.0" ?>
<testsuite errors="0" failures="0" name="TestUM-20190102143221" tests="2" time="0.000">
	<testcase classname="TestUM" name="test_numbers_3_4" time="0.000"/>
	<testcase classname="TestUM" name="test_strings_a_3" time="0.000"/>
	<system-out>
<![CDATA[]]>	</system-out>
	<system-err>
<![CDATA[]]>	</system-err>
</testsuite>
